2017-04-21 22:34:13 INFO  Train - Generic European Train is travelling from the depot: Paris Station...
2017-04-21 22:34:13 INFO  ActiveStation - Passenger 1 carrying 0 kg embarking at Paris heading for Bucharest
2017-04-21 22:34:13 INFO  ActiveStation - Passenger 2 carrying 0 kg embarking at Paris heading for Budapest
2017-04-21 22:34:13 INFO  ActiveStation - Passenger 3 carrying 0 kg embarking at Paris heading for Budapest
2017-04-21 22:34:13 INFO  Train - Generic European Train is in Paris Station.
2017-04-21 22:34:13 INFO  Train - Vlad the Impalator is travelling from the depot: Bucharest Station...
2017-04-21 22:34:13 INFO  Train - Vlad the Impalator is in Bucharest Station.
2017-04-21 22:34:13 INFO  Train - Thomas the Tank Engine is travelling from the depot: Glasgow Station...
2017-04-21 22:34:13 INFO  ActiveStation - Passenger 4 carrying 5 kg embarking at Glasgow heading for London
2017-04-21 22:34:13 INFO  ActiveStation - Passenger 5 carrying 46 kg embarking at Glasgow heading for London
2017-04-21 22:34:13 INFO  ActiveStation - Passenger 6 carrying 34 kg embarking at Glasgow heading for London
2017-04-21 22:34:13 INFO  Train - Thomas the Tank Engine is in Glasgow Station.
2017-04-21 22:34:13 INFO  Train - Generic European Train is in Paris Station.
2017-04-21 22:34:13 INFO  Train - Vlad the Impalator is in Bucharest Station.
2017-04-21 22:34:13 INFO  Train - Thomas the Tank Engine is in Glasgow Station.
2017-04-21 22:34:15 INFO  Train - Generic European Train is ready to depart for London Station!
2017-04-21 22:34:15 INFO  Train - Thomas the Tank Engine is ready to depart for Manchester Station!
2017-04-21 22:34:15 INFO  Train - Generic European Train enroute to London Station!
2017-04-21 22:34:15 INFO  Train - Thomas the Tank Engine enroute to Manchester Station!
2017-04-21 22:34:16 INFO  Train - Generic European Train is awaiting entry London Station..!
2017-04-21 22:34:16 INFO  Train - Generic European Train is in London Station.
2017-04-21 22:34:16 INFO  Train - Thomas the Tank Engine enroute to London Station!
2017-04-21 22:34:17 INFO  Train - Thomas the Tank Engine is awaiting entry London Station..!
2017-04-21 22:34:17 INFO  ActiveStation - Passenger 7 carrying 19 kg embarking at London heading for Glasgow
2017-04-21 22:34:17 INFO  ActiveStation - Passenger 8 carrying 32 kg embarking at London heading for Glasgow
2017-04-21 22:34:17 INFO  ActiveStation - Passenger 9 carrying 24 kg embarking at London heading for Glasgow
2017-04-21 22:34:17 INFO  Train - Thomas the Tank Engine is in London Station.
2017-04-21 22:34:17 INFO  Train - Passenger 4 is disembarking at London
2017-04-21 22:34:17 INFO  Train - Passenger 5 is disembarking at London
2017-04-21 22:34:17 INFO  Train - Passenger 6 is disembarking at London
2017-04-21 22:34:18 INFO  Train - Generic European Train is ready to depart for Amsterdam Station!
2017-04-21 22:34:18 INFO  Train - Generic European Train enroute to Amsterdam Station!
2017-04-21 22:34:19 INFO  Train - Generic European Train is awaiting entry Amsterdam Station..!
2017-04-21 22:34:19 INFO  ActiveStation - Passenger 10 carrying 0 kg embarking at Amsterdam heading for Paris
2017-04-21 22:34:19 INFO  ActiveStation - Passenger 11 carrying 0 kg embarking at Amsterdam heading for London
2017-04-21 22:34:19 INFO  ActiveStation - Passenger 12 carrying 0 kg embarking at Amsterdam heading for Paris
2017-04-21 22:34:19 INFO  Train - Generic European Train is in Amsterdam Station.
2017-04-21 22:34:20 INFO  Train - Thomas the Tank Engine is ready to depart for Manchester Station!
2017-04-21 22:34:20 INFO  Train - Thomas the Tank Engine enroute to Manchester Station!
2017-04-21 22:34:21 INFO  Train - Thomas the Tank Engine enroute to Glasgow Station!
2017-04-21 22:34:21 INFO  Train - Generic European Train is ready to depart for Berlin Station!
2017-04-21 22:34:21 INFO  Train - Generic European Train enroute to Berlin Station!
2017-04-21 22:34:22 INFO  Train - Thomas the Tank Engine is awaiting entry Glasgow Station..!
2017-04-21 22:34:22 INFO  ActiveStation - Passenger 13 carrying 40 kg embarking at Glasgow heading for London
2017-04-21 22:34:22 INFO  ActiveStation - Passenger 14 carrying 11 kg embarking at Glasgow heading for London
2017-04-21 22:34:22 INFO  ActiveStation - Passenger 15 carrying 16 kg embarking at Glasgow heading for London
2017-04-21 22:34:22 INFO  Train - Thomas the Tank Engine is in Glasgow Station.
2017-04-21 22:34:22 INFO  Train - Passenger 7 is disembarking at Glasgow
2017-04-21 22:34:22 INFO  Train - Passenger 8 is disembarking at Glasgow
2017-04-21 22:34:22 INFO  Train - Passenger 9 is disembarking at Glasgow
2017-04-21 22:34:22 INFO  Train - Generic European Train is awaiting entry Berlin Station..!
2017-04-21 22:34:22 INFO  ActiveStation - Passenger 16 carrying 0 kg embarking at Berlin heading for Vienna
2017-04-21 22:34:22 INFO  ActiveStation - Passenger 17 carrying 0 kg embarking at Berlin heading for Bucharest
2017-04-21 22:34:22 INFO  ActiveStation - Passenger 18 carrying 0 kg embarking at Berlin heading for Vienna
2017-04-21 22:34:22 INFO  Train - Generic European Train is in Berlin Station.
2017-04-21 22:34:24 INFO  Train - Thomas the Tank Engine is ready to depart for Manchester Station!
2017-04-21 22:34:24 INFO  Train - Thomas the Tank Engine enroute to Manchester Station!
2017-04-21 22:34:24 INFO  Train - Generic European Train is ready to depart for Amsterdam Station!
2017-04-21 22:34:24 INFO  Train - Generic European Train enroute to Amsterdam Station!
2017-04-21 22:34:25 INFO  Train - Generic European Train is awaiting entry Amsterdam Station..!
2017-04-21 22:34:25 INFO  ActiveStation - Passenger 19 carrying 0 kg embarking at Amsterdam heading for London
2017-04-21 22:34:25 INFO  ActiveStation - Passenger 20 carrying 0 kg embarking at Amsterdam heading for Paris
2017-04-21 22:34:25 INFO  ActiveStation - Passenger 21 carrying 0 kg embarking at Amsterdam heading for Paris
2017-04-21 22:34:25 INFO  Train - Generic European Train is in Amsterdam Station.
2017-04-21 22:34:25 INFO  Train - Thomas the Tank Engine enroute to London Station!
2017-04-21 22:34:26 INFO  Train - Thomas the Tank Engine is awaiting entry London Station..!
2017-04-21 22:34:26 INFO  ActiveStation - Passenger 22 carrying 27 kg embarking at London heading for Glasgow
2017-04-21 22:34:26 INFO  ActiveStation - Passenger 23 carrying 44 kg embarking at London heading for Glasgow
2017-04-21 22:34:26 INFO  ActiveStation - Passenger 24 carrying 39 kg embarking at London heading for Glasgow
2017-04-21 22:34:26 INFO  Train - Thomas the Tank Engine is in London Station.
2017-04-21 22:34:26 INFO  Train - Passenger 13 is disembarking at London
2017-04-21 22:34:26 INFO  Train - Passenger 14 is disembarking at London
2017-04-21 22:34:26 INFO  Train - Passenger 15 is disembarking at London
